<?xml version="1.0" encoding="UTF-8"?>
<!-- Generated by org.testng.reporters.JUnitReportReporter -->
<testsuite skipped="0" hostname="DESKTOP-QRL4CCR" name="TestNG.NewTest2" tests="2" failures="0" timestamp="2020-09-01T10:45:41 IST" time="17.802" errors="0">
  <testcase name="MyaccountloginAccessVerify" time="17.756" classname="TestNG.NewTest2"/>
  <system-out/>
  <testcase name="MyaccountLoginVerify" time="0.046" classname="TestNG.NewTest2"/>
  <system-out/>
</testsuite> <!-- TestNG.NewTest2 -->
