<?xml version="1.0" encoding="UTF-8"?>
<!-- Generated by org.testng.reporters.JUnitReportReporter -->
<testsuite skipped="0" hostname="DESKTOP-QRL4CCR" name="TestNG.NewTest" tests="6" failures="0" timestamp="2020-09-01T10:45:41 IST" time="10.367" errors="0">
  <testcase name="titleVerify" time="4.184" classname="TestNG.NewTest"/>
  <system-out/>
  <testcase name="HeadingVerify" time="0.049" classname="TestNG.NewTest"/>
  <system-out/>
  <testcase name="FirstInfoboxVerify" time="5.037" classname="TestNG.NewTest"/>
  <system-out/>
  <testcase name="SecondMostPopularcourseVerify" time="0.073" classname="TestNG.NewTest"/>
  <system-out/>
  <testcase name="NumberOfCourseVerify" time="0.860" classname="TestNG.NewTest"/>
  <system-out/>
  <testcase name="SompletelessionVerify" time="0.164" classname="TestNG.NewTest"/>
  <system-out/>
</testsuite> <!-- TestNG.NewTest -->
