<?xml version="1.0" encoding="UTF-8"?>
<!-- Generated by org.testng.reporters.JUnitReportReporter -->
<testsuite skipped="0" hostname="DESKTOP-QRL4CCR" name="TestNG.NewTest3" tests="1" failures="0" timestamp="2020-09-01T10:45:41 IST" time="7.534" errors="0">
  <testcase name="ContactUsModuleVerify" time="7.534" classname="TestNG.NewTest3"/>
  <system-out/>
</testsuite> <!-- TestNG.NewTest3 -->
